SF:/home/mparry27/Documents/assignment-05-mparry27/BlabberApp.Domain/Entities/Blab.cs
FN:35,System.Guid BlabberApp.Domain.Entities.Blab::get_Id()
FNDA:18,System.Guid BlabberApp.Domain.Entities.Blab::get_Id()
DA:36,18
FN:36,System.DateTime BlabberApp.Domain.Entities.Blab::get_DTTM()
FNDA:17,System.DateTime BlabberApp.Domain.Entities.Blab::get_DTTM()
DA:37,17
FN:37,System.String BlabberApp.Domain.Entities.Blab::get_Message()
FNDA:29,System.String BlabberApp.Domain.Entities.Blab::get_Message()
DA:38,29
FN:38,BlabberApp.Domain.Entities.User BlabberApp.Domain.Entities.Blab::get_User()
FNDA:19,BlabberApp.Domain.Entities.User BlabberApp.Domain.Entities.Blab::get_User()
DA:39,19
FN:40,System.Boolean BlabberApp.Domain.Entities.Blab::IsValid()
FNDA:0,System.Boolean BlabberApp.Domain.Entities.Blab::IsValid()
DA:41,0
DA:42,0
DA:43,0
DA:44,0
DA:45,0
DA:46,0
DA:47,0
BRDA:42,11,0,0
BRDA:42,11,1,0
BRDA:43,30,0,0
BRDA:43,30,1,0
BRDA:44,61,0,0
BRDA:44,61,1,0
BRDA:45,80,0,0
BRDA:45,80,1,0
FN:7,System.Void BlabberApp.Domain.Entities.Blab::.ctor()
FNDA:11,System.Void BlabberApp.Domain.Entities.Blab::.ctor()
DA:8,11
DA:9,11
DA:10,11
DA:11,11
DA:12,11
DA:13,11
DA:14,11
FN:14,System.Void BlabberApp.Domain.Entities.Blab::.ctor(System.String)
FNDA:2,System.Void BlabberApp.Domain.Entities.Blab::.ctor(System.String)
DA:15,2
DA:16,2
DA:17,2
DA:18,2
DA:19,2
DA:20,2
DA:21,2
FN:21,System.Void BlabberApp.Domain.Entities.Blab::.ctor(BlabberApp.Domain.Entities.User)
FNDA:1,System.Void BlabberApp.Domain.Entities.Blab::.ctor(BlabberApp.Domain.Entities.User)
DA:22,1
DA:23,1
DA:24,1
DA:25,1
DA:26,1
DA:27,1
DA:28,1
FN:28,System.Void BlabberApp.Domain.Entities.Blab::.ctor(System.String,BlabberApp.Domain.Entities.User)
FNDA:1,System.Void BlabberApp.Domain.Entities.Blab::.ctor(System.String,BlabberApp.Domain.Entities.User)
DA:29,1
DA:30,1
DA:31,1
DA:32,1
DA:33,1
DA:34,1
DA:35,1
LF:39
LH:32
BRF:8
BRH:0
FNF:9
FNH:8
end_of_record
SF:/home/mparry27/Documents/assignment-05-mparry27/BlabberApp.Domain/Entities/User.cs
FN:7,System.Guid BlabberApp.Domain.Entities.User::get_Id()
FNDA:27,System.Guid BlabberApp.Domain.Entities.User::get_Id()
DA:8,27
FN:8,System.DateTime BlabberApp.Domain.Entities.User::get_RegisterDTTM()
FNDA:0,System.DateTime BlabberApp.Domain.Entities.User::get_RegisterDTTM()
DA:9,0
FN:9,System.DateTime BlabberApp.Domain.Entities.User::get_LastLoginDTTM()
FNDA:0,System.DateTime BlabberApp.Domain.Entities.User::get_LastLoginDTTM()
DA:10,0
FN:10,System.String BlabberApp.Domain.Entities.User::get_Email()
FNDA:8,System.String BlabberApp.Domain.Entities.User::get_Email()
DA:11,8
FN:24,System.Void BlabberApp.Domain.Entities.User::ChangeEmail(System.String)
FNDA:8,System.Void BlabberApp.Domain.Entities.User::ChangeEmail(System.String)
DA:25,8
DA:26,8
DA:27,0
DA:29,8
DA:30,8
DA:31,5
DA:32,3
DA:33,3
DA:34,3
DA:36,5
DA:37,5
BRDA:26,7,0,8
BRDA:26,7,1,0
BRDA:26,24,0,0
BRDA:26,24,1,8
FN:38,System.Boolean BlabberApp.Domain.Entities.User::IsValid()
FNDA:0,System.Boolean BlabberApp.Domain.Entities.User::IsValid()
DA:39,0
DA:40,0
DA:41,0
DA:42,0
DA:43,0
DA:44,0
DA:45,0
DA:46,0
BRDA:40,11,0,0
BRDA:40,11,1,0
BRDA:41,30,0,0
BRDA:41,30,1,0
BRDA:42,61,0,0
BRDA:42,61,1,0
BRDA:43,79,0,0
BRDA:43,79,1,0
BRDA:44,99,0,0
BRDA:44,99,1,0
FN:12,System.Void BlabberApp.Domain.Entities.User::.ctor()
FNDA:19,System.Void BlabberApp.Domain.Entities.User::.ctor()
DA:13,19
DA:14,19
DA:15,19
DA:16,19
FN:17,System.Void BlabberApp.Domain.Entities.User::.ctor(System.String)
FNDA:3,System.Void BlabberApp.Domain.Entities.User::.ctor(System.String)
DA:18,3
DA:19,3
DA:20,3
DA:21,3
DA:22,3
LF:32
LH:21
BRF:14
BRH:2
FNF:8
FNH:5
end_of_record