SF:/home/mparry27/Documents/assignment-05-mparry27/BlabberApp.Domain/Entities/Blab.cs
FN:35,System.Guid BlabberApp.Domain.Entities.Blab::get_Id()
FNDA:39,System.Guid BlabberApp.Domain.Entities.Blab::get_Id()
DA:36,39
FN:36,System.DateTime BlabberApp.Domain.Entities.Blab::get_DTTM()
FNDA:0,System.DateTime BlabberApp.Domain.Entities.Blab::get_DTTM()
DA:37,0
FN:37,System.String BlabberApp.Domain.Entities.Blab::get_Message()
FNDA:36,System.String BlabberApp.Domain.Entities.Blab::get_Message()
DA:38,36
FN:38,BlabberApp.Domain.Entities.User BlabberApp.Domain.Entities.Blab::get_User()
FNDA:25,BlabberApp.Domain.Entities.User BlabberApp.Domain.Entities.Blab::get_User()
DA:39,25
FN:40,System.Boolean BlabberApp.Domain.Entities.Blab::IsValid()
FNDA:0,System.Boolean BlabberApp.Domain.Entities.Blab::IsValid()
DA:41,0
DA:42,0
DA:43,0
DA:44,0
DA:45,0
DA:46,0
DA:47,0
BRDA:42,11,0,0
BRDA:42,11,1,0
BRDA:43,30,0,0
BRDA:43,30,1,0
BRDA:44,61,0,0
BRDA:44,61,1,0
BRDA:45,80,0,0
BRDA:45,80,1,0
FN:7,System.Void BlabberApp.Domain.Entities.Blab::.ctor()
FNDA:1,System.Void BlabberApp.Domain.Entities.Blab::.ctor()
DA:8,1
DA:9,1
DA:10,1
DA:11,1
DA:12,1
DA:13,1
DA:14,1
FN:14,System.Void BlabberApp.Domain.Entities.Blab::.ctor(System.String)
FNDA:0,System.Void BlabberApp.Domain.Entities.Blab::.ctor(System.String)
DA:15,0
DA:16,0
DA:17,0
DA:18,0
DA:19,0
DA:20,0
DA:21,0
FN:21,System.Void BlabberApp.Domain.Entities.Blab::.ctor(BlabberApp.Domain.Entities.User)
FNDA:4,System.Void BlabberApp.Domain.Entities.Blab::.ctor(BlabberApp.Domain.Entities.User)
DA:22,4
DA:23,4
DA:24,4
DA:25,4
DA:26,4
DA:27,4
DA:28,4
FN:28,System.Void BlabberApp.Domain.Entities.Blab::.ctor(System.String,BlabberApp.Domain.Entities.User)
FNDA:12,System.Void BlabberApp.Domain.Entities.Blab::.ctor(System.String,BlabberApp.Domain.Entities.User)
DA:29,12
DA:30,12
DA:31,12
DA:32,12
DA:33,12
DA:34,12
DA:35,12
LF:39
LH:24
BRF:8
BRH:0
FNF:9
FNH:6
end_of_record
SF:/home/mparry27/Documents/assignment-05-mparry27/BlabberApp.Domain/Entities/User.cs
FN:7,System.Guid BlabberApp.Domain.Entities.User::get_Id()
FNDA:78,System.Guid BlabberApp.Domain.Entities.User::get_Id()
DA:8,78
FN:8,System.DateTime BlabberApp.Domain.Entities.User::get_RegisterDTTM()
FNDA:0,System.DateTime BlabberApp.Domain.Entities.User::get_RegisterDTTM()
DA:9,0
FN:9,System.DateTime BlabberApp.Domain.Entities.User::get_LastLoginDTTM()
FNDA:0,System.DateTime BlabberApp.Domain.Entities.User::get_LastLoginDTTM()
DA:10,0
FN:10,System.String BlabberApp.Domain.Entities.User::get_Email()
FNDA:97,System.String BlabberApp.Domain.Entities.User::get_Email()
DA:11,97
FN:24,System.Void BlabberApp.Domain.Entities.User::ChangeEmail(System.String)
FNDA:53,System.Void BlabberApp.Domain.Entities.User::ChangeEmail(System.String)
DA:25,53
DA:26,53
DA:27,0
DA:29,53
DA:30,53
DA:31,53
DA:32,0
DA:33,0
DA:34,0
DA:36,53
DA:37,53
BRDA:26,7,0,53
BRDA:26,7,1,0
BRDA:26,24,0,0
BRDA:26,24,1,53
FN:38,System.Boolean BlabberApp.Domain.Entities.User::IsValid()
FNDA:0,System.Boolean BlabberApp.Domain.Entities.User::IsValid()
DA:39,0
DA:40,0
DA:41,0
DA:42,0
DA:43,0
DA:44,0
DA:45,0
DA:46,0
BRDA:40,11,0,0
BRDA:40,11,1,0
BRDA:41,30,0,0
BRDA:41,30,1,0
BRDA:42,61,0,0
BRDA:42,61,1,0
BRDA:43,79,0,0
BRDA:43,79,1,0
BRDA:44,99,0,0
BRDA:44,99,1,0
FN:12,System.Void BlabberApp.Domain.Entities.User::.ctor()
FNDA:10,System.Void BlabberApp.Domain.Entities.User::.ctor()
DA:13,10
DA:14,10
DA:15,10
DA:16,10
FN:17,System.Void BlabberApp.Domain.Entities.User::.ctor(System.String)
FNDA:42,System.Void BlabberApp.Domain.Entities.User::.ctor(System.String)
DA:18,42
DA:19,42
DA:20,42
DA:21,42
DA:22,42
LF:32
LH:18
BRF:14
BRH:2
FNF:8
FNH:5
end_of_record
SF:/home/mparry27/Documents/assignment-05-mparry27/BlabberApp.DataStore/Plugins/InMemory.cs
FN:17,System.Void BlabberApp.DataStore.Plugins.InMemory::Create(BlabberApp.Domain.Interfaces.IEntity)
FNDA:13,System.Void BlabberApp.DataStore.Plugins.InMemory::Create(BlabberApp.Domain.Interfaces.IEntity)
DA:18,13
DA:19,13
DA:20,13
FN:22,System.Collections.IEnumerable BlabberApp.DataStore.Plugins.InMemory::ReadAll()
FNDA:2,System.Collections.IEnumerable BlabberApp.DataStore.Plugins.InMemory::ReadAll()
DA:23,2
DA:24,2
DA:25,2
FN:27,BlabberApp.Domain.Interfaces.IEntity BlabberApp.DataStore.Plugins.InMemory::ReadById(System.Guid)
FNDA:3,BlabberApp.Domain.Interfaces.IEntity BlabberApp.DataStore.Plugins.InMemory::ReadById(System.Guid)
DA:28,3
DA:29,12
DA:30,3
DA:31,6
DA:32,0
DA:33,0
DA:34,3
BRDA:29,57,1,3
BRDA:31,44,0,3
BRDA:31,44,1,0
BRDA:29,57,0,0
FN:35,System.Collections.IEnumerable BlabberApp.DataStore.Plugins.InMemory::ReadByUserId(System.String)
FNDA:0,System.Collections.IEnumerable BlabberApp.DataStore.Plugins.InMemory::ReadByUserId(System.String)
DA:36,0
DA:37,0
FN:39,BlabberApp.Domain.Interfaces.IEntity BlabberApp.DataStore.Plugins.InMemory::ReadByUserEmail(System.String)
FNDA:3,BlabberApp.Domain.Interfaces.IEntity BlabberApp.DataStore.Plugins.InMemory::ReadByUserEmail(System.String)
DA:40,3
DA:41,12
DA:42,3
DA:43,3
DA:44,3
DA:45,3
DA:47,0
DA:48,0
DA:49,3
BRDA:41,57,1,3
BRDA:43,43,0,3
BRDA:43,43,1,0
BRDA:41,57,0,0
FN:51,System.Void BlabberApp.DataStore.Plugins.InMemory::Update(BlabberApp.Domain.Interfaces.IEntity)
FNDA:2,System.Void BlabberApp.DataStore.Plugins.InMemory::Update(BlabberApp.Domain.Interfaces.IEntity)
DA:52,2
DA:53,2
DA:54,2
DA:55,2
FN:57,System.Void BlabberApp.DataStore.Plugins.InMemory::Delete(BlabberApp.Domain.Interfaces.IEntity)
FNDA:3,System.Void BlabberApp.DataStore.Plugins.InMemory::Delete(BlabberApp.Domain.Interfaces.IEntity)
DA:58,3
DA:59,3
DA:60,3
FN:61,System.Void BlabberApp.DataStore.Plugins.InMemory::DeleteAll()
FNDA:1,System.Void BlabberApp.DataStore.Plugins.InMemory::DeleteAll()
DA:62,1
DA:63,1
DA:64,1
FN:11,System.Void BlabberApp.DataStore.Plugins.InMemory::.ctor()
FNDA:10,System.Void BlabberApp.DataStore.Plugins.InMemory::.ctor()
DA:12,10
DA:13,10
DA:14,10
DA:15,10
LF:38
LH:32
BRF:8
BRH:4
FNF:9
FNH:8
end_of_record
SF:/home/mparry27/Documents/assignment-05-mparry27/BlabberApp.DataStore/Plugins/MySqlBlab.cs
FN:26,System.Void BlabberApp.DataStore.Plugins.MySqlBlab::Close()
FNDA:0,System.Void BlabberApp.DataStore.Plugins.MySqlBlab::Close()
DA:27,0
DA:28,0
DA:29,0
FN:30,System.Void BlabberApp.DataStore.Plugins.MySqlBlab::Create(BlabberApp.Domain.Interfaces.IEntity)
FNDA:8,System.Void BlabberApp.DataStore.Plugins.MySqlBlab::Create(BlabberApp.Domain.Interfaces.IEntity)
DA:31,8
DA:32,8
DA:34,8
DA:35,8
DA:36,8
DA:37,8
DA:38,8
DA:39,8
DA:40,8
DA:41,8
DA:42,8
DA:43,8
DA:44,0
DA:45,0
DA:46,0
DA:48,8
FN:50,System.Collections.IEnumerable BlabberApp.DataStore.Plugins.MySqlBlab::ReadAll()
FNDA:1,System.Collections.IEnumerable BlabberApp.DataStore.Plugins.MySqlBlab::ReadAll()
DA:51,1
DA:53,1
DA:54,1
DA:55,1
DA:56,1
DA:57,1
DA:59,1
DA:61,1
DA:63,7
DA:64,2
DA:65,2
DA:66,2
DA:68,1
DA:70,0
DA:71,0
DA:72,0
DA:74,1
BRDA:63,115,1,2
BRDA:63,115,0,1
FN:76,BlabberApp.Domain.Interfaces.IEntity BlabberApp.DataStore.Plugins.MySqlBlab::ReadById(System.Guid)
FNDA:1,BlabberApp.Domain.Interfaces.IEntity BlabberApp.DataStore.Plugins.MySqlBlab::ReadById(System.Guid)
DA:77,1
DA:79,1
DA:80,1
DA:81,1
DA:82,1
DA:83,1
DA:85,1
DA:87,1
DA:88,1
DA:90,1
DA:92,1
DA:94,0
DA:95,0
DA:96,0
DA:98,1
FN:100,System.Collections.IEnumerable BlabberApp.DataStore.Plugins.MySqlBlab::ReadByUserId(System.String)
FNDA:2,System.Collections.IEnumerable BlabberApp.DataStore.Plugins.MySqlBlab::ReadByUserId(System.String)
DA:101,2
DA:103,2
DA:104,2
DA:105,2
DA:106,2
DA:107,2
DA:109,2
DA:111,2
DA:113,10
DA:114,2
DA:115,2
DA:116,2
DA:118,2
DA:120,0
DA:121,0
DA:122,0
DA:124,2
BRDA:113,131,1,2
BRDA:113,131,0,2
FN:126,System.Void BlabberApp.DataStore.Plugins.MySqlBlab::Update(BlabberApp.Domain.Interfaces.IEntity)
FNDA:1,System.Void BlabberApp.DataStore.Plugins.MySqlBlab::Update(BlabberApp.Domain.Interfaces.IEntity)
DA:127,1
DA:128,1
DA:129,1
DA:130,1
DA:131,1
DA:132,1
DA:133,0
DA:134,0
DA:136,1
FN:138,System.Void BlabberApp.DataStore.Plugins.MySqlBlab::Delete(BlabberApp.Domain.Interfaces.IEntity)
FNDA:1,System.Void BlabberApp.DataStore.Plugins.MySqlBlab::Delete(BlabberApp.Domain.Interfaces.IEntity)
DA:139,1
DA:140,1
DA:141,1
DA:142,1
DA:143,1
DA:144,1
DA:145,0
DA:146,0
DA:148,1
FN:149,System.Void BlabberApp.DataStore.Plugins.MySqlBlab::DeleteAll()
FNDA:15,System.Void BlabberApp.DataStore.Plugins.MySqlBlab::DeleteAll()
DA:150,15
DA:151,15
DA:152,15
DA:153,15
DA:154,15
FN:155,BlabberApp.Domain.Entities.Blab BlabberApp.DataStore.Plugins.MySqlBlab::DataRow2Blab(System.Data.DataRow)
FNDA:4,BlabberApp.Domain.Entities.Blab BlabberApp.DataStore.Plugins.MySqlBlab::DataRow2Blab(System.Data.DataRow)
DA:156,4
DA:157,4
DA:159,4
DA:161,4
DA:163,4
DA:164,4
DA:165,4
DA:167,4
DA:168,4
FN:13,System.Void BlabberApp.DataStore.Plugins.MySqlBlab::.ctor()
FNDA:7,System.Void BlabberApp.DataStore.Plugins.MySqlBlab::.ctor()
DA:14,7
DA:15,7
DA:16,7
DA:18,7
DA:19,7
DA:20,7
DA:21,0
DA:22,0
DA:23,0
DA:25,7
LF:110
LH:88
BRF:4
BRH:4
FNF:10
FNH:9
end_of_record
SF:/home/mparry27/Documents/assignment-05-mparry27/BlabberApp.DataStore/Plugins/MySqlUser.cs
FN:26,System.Void BlabberApp.DataStore.Plugins.MySqlUser::Close()
FNDA:0,System.Void BlabberApp.DataStore.Plugins.MySqlUser::Close()
DA:27,0
DA:28,0
DA:29,0
FN:30,System.Void BlabberApp.DataStore.Plugins.MySqlUser::Create(BlabberApp.Domain.Interfaces.IEntity)
FNDA:8,System.Void BlabberApp.DataStore.Plugins.MySqlUser::Create(BlabberApp.Domain.Interfaces.IEntity)
DA:31,8
DA:32,8
DA:34,8
DA:35,8
DA:36,8
DA:37,8
DA:38,8
DA:39,8
DA:40,8
DA:41,8
DA:42,8
DA:43,8
DA:44,0
DA:45,0
DA:46,0
DA:48,8
FN:50,System.Collections.IEnumerable BlabberApp.DataStore.Plugins.MySqlUser::ReadAll()
FNDA:1,System.Collections.IEnumerable BlabberApp.DataStore.Plugins.MySqlUser::ReadAll()
DA:51,1
DA:53,1
DA:54,1
DA:55,1
DA:56,1
DA:57,1
DA:59,1
DA:61,1
DA:63,5
DA:64,1
DA:65,1
DA:66,1
DA:68,1
DA:70,0
DA:71,0
DA:72,0
DA:74,1
BRDA:63,120,1,1
BRDA:63,120,0,1
FN:76,BlabberApp.Domain.Interfaces.IEntity BlabberApp.DataStore.Plugins.MySqlUser::ReadById(System.Guid)
FNDA:2,BlabberApp.Domain.Interfaces.IEntity BlabberApp.DataStore.Plugins.MySqlUser::ReadById(System.Guid)
DA:77,2
DA:79,2
DA:80,2
DA:81,2
DA:82,2
DA:83,2
DA:85,2
DA:87,2
DA:89,2
DA:91,0
DA:92,0
DA:93,0
DA:95,2
FN:96,BlabberApp.Domain.Interfaces.IEntity BlabberApp.DataStore.Plugins.MySqlUser::ReadByUserEmail(System.String)
FNDA:10,BlabberApp.Domain.Interfaces.IEntity BlabberApp.DataStore.Plugins.MySqlUser::ReadByUserEmail(System.String)
DA:97,10
DA:99,10
DA:100,10
DA:101,10
DA:102,10
DA:103,10
DA:105,10
DA:107,10
DA:109,2
DA:111,8
DA:112,8
DA:113,8
DA:115,2
FN:117,System.Void BlabberApp.DataStore.Plugins.MySqlUser::Update(BlabberApp.Domain.Interfaces.IEntity)
FNDA:1,System.Void BlabberApp.DataStore.Plugins.MySqlUser::Update(BlabberApp.Domain.Interfaces.IEntity)
DA:118,1
DA:119,1
DA:120,1
DA:121,1
DA:122,1
DA:123,1
DA:124,0
DA:125,0
DA:127,1
FN:129,System.Void BlabberApp.DataStore.Plugins.MySqlUser::Delete(BlabberApp.Domain.Interfaces.IEntity)
FNDA:1,System.Void BlabberApp.DataStore.Plugins.MySqlUser::Delete(BlabberApp.Domain.Interfaces.IEntity)
DA:130,1
DA:131,1
DA:132,1
DA:133,1
DA:134,1
DA:135,1
DA:136,0
DA:137,0
DA:139,1
FN:141,System.Void BlabberApp.DataStore.Plugins.MySqlUser::DeleteAll()
FNDA:17,System.Void BlabberApp.DataStore.Plugins.MySqlUser::DeleteAll()
DA:142,17
DA:143,17
DA:144,17
DA:145,17
DA:146,17
FN:148,BlabberApp.Domain.Entities.User BlabberApp.DataStore.Plugins.MySqlUser::DataRow2User(System.Data.DataRow)
FNDA:5,BlabberApp.Domain.Entities.User BlabberApp.DataStore.Plugins.MySqlUser::DataRow2User(System.Data.DataRow)
DA:149,5
DA:150,5
DA:152,5
DA:153,5
DA:154,5
DA:155,5
DA:157,5
DA:158,5
FN:13,System.Void BlabberApp.DataStore.Plugins.MySqlUser::.ctor()
FNDA:8,System.Void BlabberApp.DataStore.Plugins.MySqlUser::.ctor()
DA:14,8
DA:15,8
DA:16,8
DA:18,8
DA:19,8
DA:20,8
DA:21,0
DA:22,0
DA:23,0
DA:25,8
LF:103
LH:84
BRF:2
BRH:2
FNF:10
FNH:9
end_of_record
SF:/home/mparry27/Documents/assignment-05-mparry27/BlabberApp.DataStore/Exceptions/BlabAdapterExceptions.cs
FN:6,System.Void BlabberApp.DataStore.Exceptions.BlabAdapterException::.ctor(System.String)
FNDA:0,System.Void BlabberApp.DataStore.Exceptions.BlabAdapterException::.ctor(System.String)
DA:7,0
DA:8,0
DA:9,0
FN:9,System.Void BlabberApp.DataStore.Exceptions.BlabAdapterException::.ctor(System.String,System.Exception)
FNDA:0,System.Void BlabberApp.DataStore.Exceptions.BlabAdapterException::.ctor(System.String,System.Exception)
DA:10,0
DA:11,0
DA:12,0
FN:15,System.Void BlabberApp.DataStore.Exceptions.BlabAdapterNotFoundException::.ctor(System.String)
FNDA:0,System.Void BlabberApp.DataStore.Exceptions.BlabAdapterNotFoundException::.ctor(System.String)
DA:16,0
DA:17,0
DA:18,0
FN:18,System.Void BlabberApp.DataStore.Exceptions.BlabAdapterNotFoundException::.ctor(System.String,System.Exception)
FNDA:0,System.Void BlabberApp.DataStore.Exceptions.BlabAdapterNotFoundException::.ctor(System.String,System.Exception)
DA:19,0
DA:20,0
DA:21,0
LF:12
LH:0
BRF:0
BRH:0
FNF:4
FNH:0
end_of_record
SF:/home/mparry27/Documents/assignment-05-mparry27/BlabberApp.DataStore/Exceptions/UserAdapterExceptions.cs
FN:6,System.Void BlabberApp.DataStore.Exceptions.UserAdapterException::.ctor(System.String)
FNDA:0,System.Void BlabberApp.DataStore.Exceptions.UserAdapterException::.ctor(System.String)
DA:7,0
DA:8,0
DA:9,0
FN:9,System.Void BlabberApp.DataStore.Exceptions.UserAdapterException::.ctor(System.String,System.Exception)
FNDA:0,System.Void BlabberApp.DataStore.Exceptions.UserAdapterException::.ctor(System.String,System.Exception)
DA:10,0
DA:11,0
DA:12,0
FN:15,System.Void BlabberApp.DataStore.Exceptions.UserAdapterNotFoundException::.ctor(System.String)
FNDA:8,System.Void BlabberApp.DataStore.Exceptions.UserAdapterNotFoundException::.ctor(System.String)
DA:16,8
DA:17,8
DA:18,8
FN:18,System.Void BlabberApp.DataStore.Exceptions.UserAdapterNotFoundException::.ctor(System.String,System.Exception)
FNDA:0,System.Void BlabberApp.DataStore.Exceptions.UserAdapterNotFoundException::.ctor(System.String,System.Exception)
DA:19,0
DA:20,0
DA:21,0
FN:24,System.Void BlabberApp.DataStore.Exceptions.UserAdapterDuplicateException::.ctor(System.String)
FNDA:0,System.Void BlabberApp.DataStore.Exceptions.UserAdapterDuplicateException::.ctor(System.String)
DA:25,0
DA:26,0
DA:27,0
FN:27,System.Void BlabberApp.DataStore.Exceptions.UserAdapterDuplicateException::.ctor(System.String,System.Exception)
FNDA:0,System.Void BlabberApp.DataStore.Exceptions.UserAdapterDuplicateException::.ctor(System.String,System.Exception)
DA:28,0
DA:29,0
DA:30,0
LF:18
LH:3
BRF:0
BRH:0
FNF:6
FNH:1
end_of_record
SF:/home/mparry27/Documents/assignment-05-mparry27/BlabberApp.DataStore/Adapters/BlabAdapter.cs
FN:17,System.Void BlabberApp.DataStore.Adapters.BlabAdapter::Add(BlabberApp.Domain.Entities.Blab)
FNDA:8,System.Void BlabberApp.DataStore.Adapters.BlabAdapter::Add(BlabberApp.Domain.Entities.Blab)
DA:18,8
DA:19,8
DA:20,8
FN:22,System.Void BlabberApp.DataStore.Adapters.BlabAdapter::Remove(BlabberApp.Domain.Entities.Blab)
FNDA:1,System.Void BlabberApp.DataStore.Adapters.BlabAdapter::Remove(BlabberApp.Domain.Entities.Blab)
DA:23,1
DA:24,1
DA:25,1
FN:26,System.Void BlabberApp.DataStore.Adapters.BlabAdapter::RemoveAll()
FNDA:15,System.Void BlabberApp.DataStore.Adapters.BlabAdapter::RemoveAll()
DA:27,15
DA:28,15
DA:29,15
FN:31,System.Void BlabberApp.DataStore.Adapters.BlabAdapter::Update(BlabberApp.Domain.Entities.Blab)
FNDA:1,System.Void BlabberApp.DataStore.Adapters.BlabAdapter::Update(BlabberApp.Domain.Entities.Blab)
DA:32,1
DA:33,1
DA:34,1
FN:36,System.Collections.IEnumerable BlabberApp.DataStore.Adapters.BlabAdapter::GetAll()
FNDA:1,System.Collections.IEnumerable BlabberApp.DataStore.Adapters.BlabAdapter::GetAll()
DA:37,1
DA:38,1
DA:39,1
FN:41,BlabberApp.Domain.Entities.Blab BlabberApp.DataStore.Adapters.BlabAdapter::GetById(System.Guid)
FNDA:1,BlabberApp.Domain.Entities.Blab BlabberApp.DataStore.Adapters.BlabAdapter::GetById(System.Guid)
DA:42,1
DA:43,1
DA:44,1
FN:45,System.Collections.IEnumerable BlabberApp.DataStore.Adapters.BlabAdapter::GetByUserId(System.String)
FNDA:2,System.Collections.IEnumerable BlabberApp.DataStore.Adapters.BlabAdapter::GetByUserId(System.String)
DA:46,2
DA:47,2
DA:48,2
FN:11,System.Void BlabberApp.DataStore.Adapters.BlabAdapter::.ctor(BlabberApp.DataStore.Interfaces.IBlabPlugin)
FNDA:7,System.Void BlabberApp.DataStore.Adapters.BlabAdapter::.ctor(BlabberApp.DataStore.Interfaces.IBlabPlugin)
DA:12,7
DA:13,7
DA:14,7
DA:15,7
LF:25
LH:25
BRF:0
BRH:0
FNF:8
FNH:8
end_of_record
SF:/home/mparry27/Documents/assignment-05-mparry27/BlabberApp.DataStore/Adapters/UserAdapter.cs
FN:18,System.Void BlabberApp.DataStore.Adapters.UserAdapter::Add(BlabberApp.Domain.Entities.User)
FNDA:8,System.Void BlabberApp.DataStore.Adapters.UserAdapter::Add(BlabberApp.Domain.Entities.User)
DA:19,8
DA:21,8
DA:22,8
DA:23,0
DA:24,8
DA:25,8
DA:27,8
DA:28,8
DA:29,8
DA:31,0
DA:32,0
DA:33,0
DA:36,0
DA:37,8
FN:39,System.Void BlabberApp.DataStore.Adapters.UserAdapter::Remove(BlabberApp.Domain.Entities.User)
FNDA:1,System.Void BlabberApp.DataStore.Adapters.UserAdapter::Remove(BlabberApp.Domain.Entities.User)
DA:40,1
DA:42,1
DA:43,1
DA:44,1
DA:45,0
DA:46,0
DA:47,0
DA:49,1
FN:50,System.Void BlabberApp.DataStore.Adapters.UserAdapter::RemoveAll()
FNDA:17,System.Void BlabberApp.DataStore.Adapters.UserAdapter::RemoveAll()
DA:51,17
DA:52,17
DA:53,17
FN:55,System.Void BlabberApp.DataStore.Adapters.UserAdapter::Update(BlabberApp.Domain.Entities.User)
FNDA:1,System.Void BlabberApp.DataStore.Adapters.UserAdapter::Update(BlabberApp.Domain.Entities.User)
DA:56,1
DA:58,1
DA:59,1
DA:60,1
DA:61,0
DA:62,0
DA:63,0
DA:65,1
FN:67,System.Collections.IEnumerable BlabberApp.DataStore.Adapters.UserAdapter::GetAll()
FNDA:1,System.Collections.IEnumerable BlabberApp.DataStore.Adapters.UserAdapter::GetAll()
DA:68,1
DA:70,1
DA:71,1
DA:73,0
DA:74,0
DA:75,0
DA:77,1
FN:79,BlabberApp.Domain.Entities.User BlabberApp.DataStore.Adapters.UserAdapter::GetById(System.Guid)
FNDA:2,BlabberApp.Domain.Entities.User BlabberApp.DataStore.Adapters.UserAdapter::GetById(System.Guid)
DA:80,2
DA:82,2
DA:83,2
DA:84,2
DA:86,0
DA:87,0
DA:88,0
DA:90,2
FN:92,BlabberApp.Domain.Entities.User BlabberApp.DataStore.Adapters.UserAdapter::GetByEmail(System.String)
FNDA:10,BlabberApp.Domain.Entities.User BlabberApp.DataStore.Adapters.UserAdapter::GetByEmail(System.String)
DA:93,10
DA:95,10
DA:96,10
DA:97,2
DA:99,8
DA:100,8
DA:101,8
DA:103,2
FN:12,System.Void BlabberApp.DataStore.Adapters.UserAdapter::.ctor(BlabberApp.DataStore.Interfaces.IUserPlugin)
FNDA:8,System.Void BlabberApp.DataStore.Adapters.UserAdapter::.ctor(BlabberApp.DataStore.Interfaces.IUserPlugin)
DA:13,8
DA:14,8
DA:15,8
DA:16,8
LF:60
LH:43
BRF:0
BRH:0
FNF:8
FNH:8
end_of_record